<?xml version="1.0" encoding="UTF-8"?>
<testng-results skipped="0" failed="0" ignored="0" total="1" passed="1">
  <reporter-output>
  </reporter-output>
  <suite name="Default suite" duration-ms="7053" started-at="2019-11-08T17:08:45 IST" finished-at="2019-11-08T17:08:52 IST">
    <groups>
    </groups>
    <test name="Default test" duration-ms="7053" started-at="2019-11-08T17:08:45 IST" finished-at="2019-11-08T17:08:52 IST">
      <class name="selenium.Challenge2_6">
        <test-method status="PASS" signature="liveMarket()[pri:0, instance:selenium.Challenge2_6@644baf4a]" name="liveMarket" duration-ms="7026" started-at="2019-11-08T17:08:45 IST" finished-at="2019-11-08T17:08:52 IST">
          <reporter-output>
          </reporter-output>
        </test-method> <!-- liveMarket -->
      </class> <!-- selenium.Challenge2_6 -->
    </test> <!-- Default test -->
  </suite> <!-- Default suite -->
</testng-results>
